# JRE version: OpenJDK Runtime Environment (8.0_202-b03) (build 1.8.0_202-release-1483-b03)
# Java VM: OpenJDK 64-Bit Server VM (25.202-b03 mixed mode windows-amd64 compressed oops)
Heap:
 PSYoungGen      total 237056K, used 139189K [0x00000000e0000000, 0x00000000f0e00000, 0x0000000100000000)
  eden space 207360K, 54% used [0x00000000e0000000,0x00000000e6e498d0,0x00000000eca80000)
  from space 29696K, 88% used [0x00000000eea00000,0x00000000f03a3bf8,0x00000000f0700000)
  to   space 32256K, 0% used [0x00000000eca80000,0x00000000eca80000,0x00000000eea00000)
 ParOldGen       total 281600K, used 49557K [0x00000000a0000000, 0x00000000b1300000, 0x00000000e0000000)
  object space 281600K, 17% used [0x00000000a0000000,0x00000000a30655d0,0x00000000b1300000)
 Metaspace       used 78394K, capacity 82042K, committed 82264K, reserved 1120256K
  class space    used 10136K, capacity 10830K, committed 10840K, reserved 1048576K
GC Heap History (10 events):
Event: 16.109 GC heap before
{Heap before GC invocations=15 (full 3):
 PSYoungGen      total 150016K, used 132604K [0x00000000e0000000, 0x00000000ec400000, 0x0000000100000000)
  eden space 132608K, 99% used [0x00000000e0000000,0x00000000e817f360,0x00000000e8180000)
  from space 17408K, 0% used [0x00000000e8180000,0x00000000e8180000,0x00000000e9280000)
  to   space 18432K, 0% used [0x00000000eb200000,0x00000000eb200000,0x00000000ec400000)
 ParOldGen       total 281600K, used 32689K [0x00000000a0000000, 0x00000000b1300000, 0x00000000e0000000)
  object space 281600K, 11% used [0x00000000a0000000,0x00000000a1fec6d0,0x00000000b1300000)
 Metaspace       used 63609K, capacity 66208K, committed 66392K, reserved 1105920K
  class space    used 8678K, capacity 9215K, committed 9304K, reserved 1048576K
Event: 16.120 GC heap after
Heap after GC invocations=15 (full 3):
 PSYoungGen      total 168960K, used 12235K [0x00000000e0000000, 0x00000000ebe00000, 0x0000000100000000)
  eden space 156672K, 0% used [0x00000000e0000000,0x00000000e0000000,0x00000000e9900000)
  from space 12288K, 99% used [0x00000000eb200000,0x00000000ebdf2fb0,0x00000000ebe00000)
  to   space 17920K, 0% used [0x00000000e9b00000,0x00000000e9b00000,0x00000000eac80000)
 ParOldGen       total 281600K, used 32697K [0x00000000a0000000, 0x00000000b1300000, 0x00000000e0000000)
  object space 281600K, 11% used [0x00000000a0000000,0x00000000a1fee6d0,0x00000000b1300000)
 Metaspace       used 63609K, capacity 66208K, committed 66392K, reserved 1105920K
  class space    used 8678K, capacity 9215K, committed 9304K, reserved 1048576K
}
Event: 19.969 GC heap before
{Heap before GC invocations=16 (full 3):
 PSYoungGen      total 168960K, used 168907K [0x00000000e0000000, 0x00000000ebe00000, 0x0000000100000000)
  eden space 156672K, 100% used [0x00000000e0000000,0x00000000e9900000,0x00000000e9900000)
  from space 12288K, 99% used [0x00000000eb200000,0x00000000ebdf2fb0,0x00000000ebe00000)
  to   space 17920K, 0% used [0x00000000e9b00000,0x00000000e9b00000,0x00000000eac80000)
 ParOldGen       total 281600K, used 32697K [0x00000000a0000000, 0x00000000b1300000, 0x00000000e0000000)
  object space 281600K, 11% used [0x00000000a0000000,0x00000000a1fee6d0,0x00000000b1300000)
 Metaspace       used 65041K, capacity 67720K, committed 68056K, reserved 1107968K
  class space    used 8763K, capacity 9305K, committed 9432K, reserved 1048576K
Event: 19.983 GC heap after
Heap after GC invocations=16 (full 3):
 PSYoungGen      total 176640K, used 17901K [0x00000000e0000000, 0x00000000ed880000, 0x0000000100000000)
  eden space 158720K, 0% used [0x00000000e0000000,0x00000000e0000000,0x00000000e9b00000)
  from space 17920K, 99% used [0x00000000e9b00000,0x00000000eac7b410,0x00000000eac80000)
  to   space 19968K, 0% used [0x00000000ec500000,0x00000000ec500000,0x00000000ed880000)
 ParOldGen       total 281600K, used 33348K [0x00000000a0000000, 0x00000000b1300000, 0x00000000e0000000)
  object space 281600K, 11% used [0x00000000a0000000,0x00000000a2091320,0x00000000b1300000)
 Metaspace       used 65041K, capacity 67720K, committed 68056K, reserved 1107968K
  class space    used 8763K, capacity 9305K, committed 9432K, reserved 1048576K
}
Event: 20.662 GC heap before
{Heap before GC invocations=17 (full 3):
 PSYoungGen      total 176640K, used 176621K [0x00000000e0000000, 0x00000000ed880000, 0x0000000100000000)
  eden space 158720K, 100% used [0x00000000e0000000,0x00000000e9b00000,0x00000000e9b00000)
  from space 17920K, 99% used [0x00000000e9b00000,0x00000000eac7b410,0x00000000eac80000)
  to   space 19968K, 0% used [0x00000000ec500000,0x00000000ec500000,0x00000000ed880000)
 ParOldGen       total 281600K, used 33348K [0x00000000a0000000, 0x00000000b1300000, 0x00000000e0000000)
  object space 281600K, 11% used [0x00000000a0000000,0x00000000a2091320,0x00000000b1300000)
 Metaspace       used 65766K, capacity 68642K, committed 68952K, reserved 1107968K
  class space    used 8863K, capacity 9434K, committed 9560K, reserved 1048576K
Event: 20.689 GC heap after
Heap after GC invocations=17 (full 3):
 PSYoungGen      total 193536K, used 19937K [0x00000000e0000000, 0x00000000ef900000, 0x0000000100000000)
  eden space 173568K, 0% used [0x00000000e0000000,0x00000000e0000000,0x00000000ea980000)
  from space 19968K, 99% used [0x00000000ec500000,0x00000000ed878670,0x00000000ed880000)
  to   space 28160K, 0% used [0x00000000ea980000,0x00000000ea980000,0x00000000ec500000)
 ParOldGen       total 281600K, used 49541K [0x00000000a0000000, 0x00000000b1300000, 0x00000000e0000000)
  object space 281600K, 17% used [0x00000000a0000000,0x00000000a30615d0,0x00000000b1300000)
 Metaspace       used 65766K, capacity 68642K, committed 68952K, reserved 1107968K
  class space    used 8863K, capacity 9434K, committed 9560K, reserved 1048576K
}
Event: 901.834 GC heap before
{Heap before GC invocations=18 (full 3):
 PSYoungGen      total 193536K, used 193505K [0x00000000e0000000, 0x00000000ef900000, 0x0000000100000000)
  eden space 173568K, 100% used [0x00000000e0000000,0x00000000ea980000,0x00000000ea980000)
  from space 19968K, 99% used [0x00000000ec500000,0x00000000ed878670,0x00000000ed880000)
  to   space 28160K, 0% used [0x00000000ea980000,0x00000000ea980000,0x00000000ec500000)
 ParOldGen       total 281600K, used 49541K [0x00000000a0000000, 0x00000000b1300000, 0x00000000e0000000)
  object space 281600K, 17% used [0x00000000a0000000,0x00000000a30615d0,0x00000000b1300000)
 Metaspace       used 73679K, capacity 77058K, committed 77144K, reserved 1116160K
  class space    used 9628K, capacity 10283K, committed 10328K, reserved 1048576K
Event: 901.851 GC heap after
Heap after GC invocations=18 (full 3):
 PSYoungGen      total 201728K, used 22579K [0x00000000e0000000, 0x00000000f0700000, 0x0000000100000000)
  eden space 173568K, 0% used [0x00000000e0000000,0x00000000e0000000,0x00000000ea980000)
  from space 28160K, 80% used [0x00000000ea980000,0x00000000ebf8ce10,0x00000000ec500000)
  to   space 29696K, 0% used [0x00000000eea00000,0x00000000eea00000,0x00000000f0700000)
 ParOldGen       total 281600K, used 49549K [0x00000000a0000000, 0x00000000b1300000, 0x00000000e0000000)
  object space 281600K, 17% used [0x00000000a0000000,0x00000000a30635d0,0x00000000b1300000)
 Metaspace       used 73679K, capacity 77058K, committed 77144K, reserved 1116160K
  class space    used 9628K, capacity 10283K, committed 10328K, reserved 1048576K
}
Event: 903.484 GC heap before
{Heap before GC invocations=19 (full 3):
 PSYoungGen      total 201728K, used 196147K [0x00000000e0000000, 0x00000000f0700000, 0x0000000100000000)
  eden space 173568K, 100% used [0x00000000e0000000,0x00000000ea980000,0x00000000ea980000)
  from space 28160K, 80% used [0x00000000ea980000,0x00000000ebf8ce10,0x00000000ec500000)
  to   space 29696K, 0% used [0x00000000eea00000,0x00000000eea00000,0x00000000f0700000)
 ParOldGen       total 281600K, used 49549K [0x00000000a0000000, 0x00000000b1300000, 0x00000000e0000000)
  object space 281600K, 17% used [0x00000000a0000000,0x00000000a30635d0,0x00000000b1300000)
 Metaspace       used 75569K, capacity 78944K, committed 79192K, reserved 1118208K
  class space    used 9853K, capacity 10530K, committed 10584K, reserved 1048576K
Event: 903.509 GC heap after
Heap after GC invocations=19 (full 3):
 PSYoungGen      total 237056K, used 26254K [0x00000000e0000000, 0x00000000f0e00000, 0x0000000100000000)
  eden space 207360K, 0% used [0x00000000e0000000,0x00000000e0000000,0x00000000eca80000)
  from space 29696K, 88% used [0x00000000eea00000,0x00000000f03a3bf8,0x00000000f0700000)
  to   space 32256K, 0% used [0x00000000eca80000,0x00000000eca80000,0x00000000eea00000)
 ParOldGen       total 281600K, used 49557K [0x00000000a0000000, 0x00000000b1300000, 0x00000000e0000000)
  object space 281600K, 17% used [0x00000000a0000000,0x00000000a30655d0,0x00000000b1300000)
 Metaspace       used 75569K, capacity 78944K, committed 79192K, reserved 1118208K
  class space    used 9853K, capacity 10530K, committed 10584K, reserved 1048576K
}

